0 info it worked if it ends with ok
1 verbose cli [ '/home/rafael/.nvm/versions/node/v6.17.1/bin/node',
1 verbose cli   '/home/rafael/.nvm/versions/node/v6.17.1/bin/npm',
1 verbose cli   'i' ]
2 info using npm@3.10.10
3 info using node@v6.17.1
4 silly loadCurrentTree Starting
5 silly install loadCurrentTree
6 silly install readLocalPackageData
7 silly install normalizeTree
8 silly loadCurrentTree Finishing
9 silly loadIdealTree Starting
10 silly install loadIdealTree
11 silly cloneCurrentTree Starting
12 silly install cloneCurrentTreeToIdealTree
13 silly cloneCurrentTree Finishing
14 silly loadShrinkwrap Starting
15 silly install loadShrinkwrap
16 silly loadShrinkwrap Finishing
17 silly loadAllDepsIntoIdealTree Starting
18 silly install loadAllDepsIntoIdealTree
19 silly fetchNamedPackageData fsevents
20 silly mapToRegistry name fsevents
21 silly mapToRegistry using default registry
22 silly mapToRegistry registry https://registry.npmjs.org/
23 silly mapToRegistry data Result {
23 silly mapToRegistry   raw: 'fsevents',
23 silly mapToRegistry   scope: null,
23 silly mapToRegistry   escapedName: 'fsevents',
23 silly mapToRegistry   name: 'fsevents',
23 silly mapToRegistry   rawSpec: '',
23 silly mapToRegistry   spec: 'latest',
23 silly mapToRegistry   type: 'tag' }
24 silly mapToRegistry uri https://registry.npmjs.org/fsevents
25 verbose request uri https://registry.npmjs.org/fsevents
26 verbose request no auth needed
27 info attempt registry request try #1 at 00:53:16
28 verbose request id 9a3a6259d7548db6
29 http request GET https://registry.npmjs.org/fsevents
30 http 200 https://registry.npmjs.org/fsevents
31 verbose headers { date: 'Wed, 20 Dec 2023 02:53:16 GMT',
31 verbose headers   'content-type': 'application/json',
31 verbose headers   'transfer-encoding': 'chunked',
31 verbose headers   connection: 'keep-alive',
31 verbose headers   'cf-ray': '83849814498d01b0-GRU',
31 verbose headers   'cf-cache-status': 'HIT',
31 verbose headers   'access-control-allow-origin': '*',
31 verbose headers   age: '81',
31 verbose headers   'cache-control': 'public, max-age=300',
31 verbose headers   etag: 'W/"f5138f87e80ddfba9e647e1f0c30f217"',
31 verbose headers   'last-modified': 'Mon, 21 Aug 2023 16:24:25 GMT',
31 verbose headers   vary: 'accept-encoding, accept',
31 verbose headers   server: 'cloudflare',
31 verbose headers   'content-encoding': 'gzip' }
32 silly get cb [ 200,
32 silly get   { date: 'Wed, 20 Dec 2023 02:53:16 GMT',
32 silly get     'content-type': 'application/json',
32 silly get     'transfer-encoding': 'chunked',
32 silly get     connection: 'keep-alive',
32 silly get     'cf-ray': '83849814498d01b0-GRU',
32 silly get     'cf-cache-status': 'HIT',
32 silly get     'access-control-allow-origin': '*',
32 silly get     age: '81',
32 silly get     'cache-control': 'public, max-age=300',
32 silly get     etag: 'W/"f5138f87e80ddfba9e647e1f0c30f217"',
32 silly get     'last-modified': 'Mon, 21 Aug 2023 16:24:25 GMT',
32 silly get     vary: 'accept-encoding, accept',
32 silly get     server: 'cloudflare',
32 silly get     'content-encoding': 'gzip' } ]
33 verbose get saving fsevents to /home/rafael/.npm/registry.npmjs.org/fsevents/.cache.json
34 verbose correctMkdir /home/rafael/.npm correctMkdir not in flight; initializing
35 silly resolveWithNewModule fsevents@2.3.3 checking installable status
36 silly fetchNamedPackageData strip-ansi
37 silly mapToRegistry name strip-ansi
38 silly mapToRegistry using default registry
39 silly mapToRegistry registry https://registry.npmjs.org/
40 silly mapToRegistry data Result {
40 silly mapToRegistry   raw: 'strip-ansi',
40 silly mapToRegistry   scope: null,
40 silly mapToRegistry   escapedName: 'strip-ansi',
40 silly mapToRegistry   name: 'strip-ansi',
40 silly mapToRegistry   rawSpec: '',
40 silly mapToRegistry   spec: 'latest',
40 silly mapToRegistry   type: 'tag' }
41 silly mapToRegistry uri https://registry.npmjs.org/strip-ansi
42 silly fetchNamedPackageData wrap-ansi
43 silly mapToRegistry name wrap-ansi
44 silly mapToRegistry using default registry
45 silly mapToRegistry registry https://registry.npmjs.org/
46 silly mapToRegistry data Result {
46 silly mapToRegistry   raw: 'wrap-ansi',
46 silly mapToRegistry   scope: null,
46 silly mapToRegistry   escapedName: 'wrap-ansi',
46 silly mapToRegistry   name: 'wrap-ansi',
46 silly mapToRegistry   rawSpec: '',
46 silly mapToRegistry   spec: 'latest',
46 silly mapToRegistry   type: 'tag' }
47 silly mapToRegistry uri https://registry.npmjs.org/wrap-ansi
48 verbose request uri https://registry.npmjs.org/strip-ansi
49 verbose request no auth needed
50 info attempt registry request try #1 at 00:53:16
51 http request GET https://registry.npmjs.org/strip-ansi
52 verbose request uri https://registry.npmjs.org/wrap-ansi
53 verbose request no auth needed
54 info attempt registry request try #1 at 00:53:17
55 http request GET https://registry.npmjs.org/wrap-ansi
56 http 200 https://registry.npmjs.org/strip-ansi
57 verbose headers { date: 'Wed, 20 Dec 2023 02:53:17 GMT',
57 verbose headers   'content-type': 'application/json',
57 verbose headers   'transfer-encoding': 'chunked',
57 verbose headers   connection: 'keep-alive',
57 verbose headers   'cf-ray': '838498152a6901b0-GRU',
57 verbose headers   'cf-cache-status': 'HIT',
57 verbose headers   'access-control-allow-origin': '*',
57 verbose headers   age: '150',
57 verbose headers   'cache-control': 'public, max-age=300',
57 verbose headers   etag: 'W/"ac0377b2d4e7fbe4eea84e483222d0a5"',
57 verbose headers   'last-modified': 'Sun, 28 May 2023 09:55:05 GMT',
57 verbose headers   vary: 'accept-encoding, accept',
57 verbose headers   server: 'cloudflare',
57 verbose headers   'content-encoding': 'gzip' }
58 silly get cb [ 200,
58 silly get   { date: 'Wed, 20 Dec 2023 02:53:17 GMT',
58 silly get     'content-type': 'application/json',
58 silly get     'transfer-encoding': 'chunked',
58 silly get     connection: 'keep-alive',
58 silly get     'cf-ray': '838498152a6901b0-GRU',
58 silly get     'cf-cache-status': 'HIT',
58 silly get     'access-control-allow-origin': '*',
58 silly get     age: '150',
58 silly get     'cache-control': 'public, max-age=300',
58 silly get     etag: 'W/"ac0377b2d4e7fbe4eea84e483222d0a5"',
58 silly get     'last-modified': 'Sun, 28 May 2023 09:55:05 GMT',
58 silly get     vary: 'accept-encoding, accept',
58 silly get     server: 'cloudflare',
58 silly get     'content-encoding': 'gzip' } ]
59 verbose get saving strip-ansi to /home/rafael/.npm/registry.npmjs.org/strip-ansi/.cache.json
60 verbose correctMkdir /home/rafael/.npm correctMkdir not in flight; initializing
61 silly resolveWithNewModule strip-ansi@7.1.0 checking installable status
62 silly cache add args [ 'strip-ansi@^7.0.1', null ]
63 verbose cache add spec strip-ansi@^7.0.1
64 silly cache add parsed spec Result {
64 silly cache add   raw: 'strip-ansi@^7.0.1',
64 silly cache add   scope: null,
64 silly cache add   escapedName: 'strip-ansi',
64 silly cache add   name: 'strip-ansi',
64 silly cache add   rawSpec: '^7.0.1',
64 silly cache add   spec: '>=7.0.1 <8.0.0',
64 silly cache add   type: 'range' }
65 silly addNamed strip-ansi@>=7.0.1 <8.0.0
66 verbose addNamed ">=7.0.1 <8.0.0" is a valid semver range for strip-ansi
67 silly addNameRange { name: 'strip-ansi', range: '>=7.0.1 <8.0.0', hasData: false }
68 silly mapToRegistry name strip-ansi
69 silly mapToRegistry using default registry
70 silly mapToRegistry registry https://registry.npmjs.org/
71 silly mapToRegistry data Result {
71 silly mapToRegistry   raw: 'strip-ansi',
71 silly mapToRegistry   scope: null,
71 silly mapToRegistry   escapedName: 'strip-ansi',
71 silly mapToRegistry   name: 'strip-ansi',
71 silly mapToRegistry   rawSpec: '',
71 silly mapToRegistry   spec: 'latest',
71 silly mapToRegistry   type: 'tag' }
72 silly mapToRegistry uri https://registry.npmjs.org/strip-ansi
73 verbose addNameRange registry:https://registry.npmjs.org/strip-ansi not in flight; fetching
74 verbose get https://registry.npmjs.org/strip-ansi not expired, no request
75 silly addNameRange number 2 { name: 'strip-ansi', range: '>=7.0.1 <8.0.0', hasData: true }
76 silly addNameRange versions [ 'strip-ansi',
76 silly addNameRange   [ '0.1.0',
76 silly addNameRange     '0.1.1',
76 silly addNameRange     '0.2.0',
76 silly addNameRange     '0.2.1',
76 silly addNameRange     '0.2.2',
76 silly addNameRange     '0.3.0',
76 silly addNameRange     '1.0.0',
76 silly addNameRange     '2.0.0',
76 silly addNameRange     '2.0.1',
76 silly addNameRange     '3.0.0',
76 silly addNameRange     '3.0.1',
76 silly addNameRange     '4.0.0',
76 silly addNameRange     '5.0.0',
76 silly addNameRange     '5.1.0',
76 silly addNameRange     '5.2.0',
76 silly addNameRange     '6.0.0',
76 silly addNameRange     '7.0.0',
76 silly addNameRange     '7.0.1',
76 silly addNameRange     '6.0.1',
76 silly addNameRange     '7.1.0' ] ]
77 silly addNamed strip-ansi@7.1.0
78 verbose addNamed "7.1.0" is a plain semver version for strip-ansi
79 silly mapToRegistry name strip-ansi
80 silly mapToRegistry using default registry
81 silly mapToRegistry registry https://registry.npmjs.org/
82 silly mapToRegistry data Result {
82 silly mapToRegistry   raw: 'strip-ansi',
82 silly mapToRegistry   scope: null,
82 silly mapToRegistry   escapedName: 'strip-ansi',
82 silly mapToRegistry   name: 'strip-ansi',
82 silly mapToRegistry   rawSpec: '',
82 silly mapToRegistry   spec: 'latest',
82 silly mapToRegistry   type: 'tag' }
83 silly mapToRegistry uri https://registry.npmjs.org/strip-ansi
84 verbose addRemoteTarball https://registry.npmjs.org/strip-ansi/-/strip-ansi-7.1.0.tgz not in flight; adding
85 verbose addRemoteTarball [ 'https://registry.npmjs.org/strip-ansi/-/strip-ansi-7.1.0.tgz',
85 verbose addRemoteTarball   'd5b6568ca689d8561370b0707685d22434faff45' ]
86 info retry fetch attempt 1 at 00:53:17
87 info attempt registry request try #1 at 00:53:17
88 http fetch GET https://registry.npmjs.org/strip-ansi/-/strip-ansi-7.1.0.tgz
89 http 200 https://registry.npmjs.org/wrap-ansi
90 verbose headers { date: 'Wed, 20 Dec 2023 02:53:17 GMT',
90 verbose headers   'content-type': 'application/json',
90 verbose headers   'transfer-encoding': 'chunked',
90 verbose headers   connection: 'keep-alive',
90 verbose headers   'cf-ray': '838498156ad401c1-GRU',
90 verbose headers   'cf-cache-status': 'HIT',
90 verbose headers   'access-control-allow-origin': '*',
90 verbose headers   age: '239',
90 verbose headers   'cache-control': 'public, max-age=300',
90 verbose headers   etag: 'W/"096b0befe71ac4a3b08a6a2255515b73"',
90 verbose headers   'last-modified': 'Sat, 28 Oct 2023 17:40:35 GMT',
90 verbose headers   vary: 'accept-encoding, accept',
90 verbose headers   server: 'cloudflare',
90 verbose headers   'content-encoding': 'gzip' }
91 silly get cb [ 200,
91 silly get   { date: 'Wed, 20 Dec 2023 02:53:17 GMT',
91 silly get     'content-type': 'application/json',
91 silly get     'transfer-encoding': 'chunked',
91 silly get     connection: 'keep-alive',
91 silly get     'cf-ray': '838498156ad401c1-GRU',
91 silly get     'cf-cache-status': 'HIT',
91 silly get     'access-control-allow-origin': '*',
91 silly get     age: '239',
91 silly get     'cache-control': 'public, max-age=300',
91 silly get     etag: 'W/"096b0befe71ac4a3b08a6a2255515b73"',
91 silly get     'last-modified': 'Sat, 28 Oct 2023 17:40:35 GMT',
91 silly get     vary: 'accept-encoding, accept',
91 silly get     server: 'cloudflare',
91 silly get     'content-encoding': 'gzip' } ]
92 verbose get saving wrap-ansi to /home/rafael/.npm/registry.npmjs.org/wrap-ansi/.cache.json
93 verbose correctMkdir /home/rafael/.npm correctMkdir not in flight; initializing
94 http fetch 200 https://registry.npmjs.org/strip-ansi/-/strip-ansi-7.1.0.tgz
95 silly resolveWithNewModule wrap-ansi@8.1.0 checking installable status
96 silly cache add args [ 'wrap-ansi@^8.1.0', null ]
97 verbose cache add spec wrap-ansi@^8.1.0
98 silly cache add parsed spec Result {
98 silly cache add   raw: 'wrap-ansi@^8.1.0',
98 silly cache add   scope: null,
98 silly cache add   escapedName: 'wrap-ansi',
98 silly cache add   name: 'wrap-ansi',
98 silly cache add   rawSpec: '^8.1.0',
98 silly cache add   spec: '>=8.1.0 <9.0.0',
98 silly cache add   type: 'range' }
99 silly addNamed wrap-ansi@>=8.1.0 <9.0.0
100 verbose addNamed ">=8.1.0 <9.0.0" is a valid semver range for wrap-ansi
101 silly addNameRange { name: 'wrap-ansi', range: '>=8.1.0 <9.0.0', hasData: false }
102 silly mapToRegistry name wrap-ansi
103 silly mapToRegistry using default registry
104 silly mapToRegistry registry https://registry.npmjs.org/
105 silly mapToRegistry data Result {
105 silly mapToRegistry   raw: 'wrap-ansi',
105 silly mapToRegistry   scope: null,
105 silly mapToRegistry   escapedName: 'wrap-ansi',
105 silly mapToRegistry   name: 'wrap-ansi',
105 silly mapToRegistry   rawSpec: '',
105 silly mapToRegistry   spec: 'latest',
105 silly mapToRegistry   type: 'tag' }
106 silly mapToRegistry uri https://registry.npmjs.org/wrap-ansi
107 verbose addNameRange registry:https://registry.npmjs.org/wrap-ansi not in flight; fetching
108 silly fetchAndShaCheck shasum d5b6568ca689d8561370b0707685d22434faff45
109 verbose addTmpTarball /tmp/npm-26259-67b52e17/registry.npmjs.org/strip-ansi/-/strip-ansi-7.1.0.tgz not in flight; adding
110 verbose addTmpTarball already have metadata; skipping unpack for strip-ansi@7.1.0
111 verbose correctMkdir /home/rafael/.npm correctMkdir not in flight; initializing
112 verbose get https://registry.npmjs.org/wrap-ansi not expired, no request
113 silly addNameRange number 2 { name: 'wrap-ansi', range: '>=8.1.0 <9.0.0', hasData: true }
114 silly addNameRange versions [ 'wrap-ansi',
114 silly addNameRange   [ '0.1.0',
114 silly addNameRange     '0.2.0',
114 silly addNameRange     '0.3.0',
114 silly addNameRange     '1.0.0',
114 silly addNameRange     '2.0.0',
114 silly addNameRange     '2.1.0-candidate',
114 silly addNameRange     '2.1.0',
114 silly addNameRange     '3.0.0',
114 silly addNameRange     '3.0.1',
114 silly addNameRange     '4.0.0',
114 silly addNameRange     '5.0.0',
114 silly addNameRange     '5.1.0',
114 silly addNameRange     '6.0.0',
114 silly addNameRange     '6.1.0',
114 silly addNameRange     '6.2.0',
114 silly addNameRange     '7.0.0',
114 silly addNameRange     '8.0.0',
114 silly addNameRange     '8.0.1',
114 silly addNameRange     '8.1.0',
114 silly addNameRange     '9.0.0' ] ]
115 silly addNamed wrap-ansi@8.1.0
116 verbose addNamed "8.1.0" is a plain semver version for wrap-ansi
117 silly mapToRegistry name wrap-ansi
118 silly mapToRegistry using default registry
119 silly mapToRegistry registry https://registry.npmjs.org/
120 silly mapToRegistry data Result {
120 silly mapToRegistry   raw: 'wrap-ansi',
120 silly mapToRegistry   scope: null,
120 silly mapToRegistry   escapedName: 'wrap-ansi',
120 silly mapToRegistry   name: 'wrap-ansi',
120 silly mapToRegistry   rawSpec: '',
120 silly mapToRegistry   spec: 'latest',
120 silly mapToRegistry   type: 'tag' }
121 silly mapToRegistry uri https://registry.npmjs.org/wrap-ansi
122 verbose addRemoteTarball https://registry.npmjs.org/wrap-ansi/-/wrap-ansi-8.1.0.tgz not in flight; adding
123 verbose addRemoteTarball [ 'https://registry.npmjs.org/wrap-ansi/-/wrap-ansi-8.1.0.tgz',
123 verbose addRemoteTarball   '56dc22368ee570face1b49819975d9b9a5ead214' ]
124 info retry fetch attempt 1 at 00:53:17
125 info attempt registry request try #1 at 00:53:17
126 http fetch GET https://registry.npmjs.org/wrap-ansi/-/wrap-ansi-8.1.0.tgz
127 silly cache afterAdd strip-ansi@7.1.0
128 verbose afterAdd /home/rafael/.npm/strip-ansi/7.1.0/package/package.json not in flight; writing
129 verbose correctMkdir /home/rafael/.npm correctMkdir not in flight; initializing
130 verbose afterAdd /home/rafael/.npm/strip-ansi/7.1.0/package/package.json written
131 http fetch 200 https://registry.npmjs.org/wrap-ansi/-/wrap-ansi-8.1.0.tgz
132 silly fetchAndShaCheck shasum 56dc22368ee570face1b49819975d9b9a5ead214
133 verbose addTmpTarball /tmp/npm-26259-67b52e17/registry.npmjs.org/wrap-ansi/-/wrap-ansi-8.1.0.tgz not in flight; adding
134 verbose addTmpTarball already have metadata; skipping unpack for wrap-ansi@8.1.0
135 verbose correctMkdir /home/rafael/.npm correctMkdir not in flight; initializing
136 silly cache afterAdd wrap-ansi@8.1.0
137 verbose afterAdd /home/rafael/.npm/wrap-ansi/8.1.0/package/package.json not in flight; writing
138 verbose correctMkdir /home/rafael/.npm correctMkdir not in flight; initializing
139 verbose afterAdd /home/rafael/.npm/wrap-ansi/8.1.0/package/package.json written
140 silly rollbackFailedOptional Starting
141 silly rollbackFailedOptional Finishing
142 silly runTopLevelLifecycles Finishing
143 silly install printInstalled
144 warn optional SKIPPING OPTIONAL DEPENDENCY: fsevents@~2.3.2 (node_modules/chokidar/node_modules/fsevents):
145 warn notsup SKIPPING OPTIONAL DEPENDENCY: Unsupported platform for fsevents@2.3.3: wanted {"os":"darwin","arch":"any"} (current: {"os":"linux","arch":"x64"})
146 verbose notsup SKIPPING OPTIONAL DEPENDENCY: Valid OS:    darwin
146 verbose notsup SKIPPING OPTIONAL DEPENDENCY: Valid Arch:  any
146 verbose notsup SKIPPING OPTIONAL DEPENDENCY: Actual OS:   linux
146 verbose notsup SKIPPING OPTIONAL DEPENDENCY: Actual Arch: x64
147 warn optional SKIPPING OPTIONAL DEPENDENCY: strip-ansi-cjs@npm:strip-ansi@^6.0.1 (node_modules/@isaacs/cliui/node_modules/strip-ansi-cjs):
148 warn optional SKIPPING OPTIONAL DEPENDENCY: Unsupported URL Type: npm:strip-ansi@^6.0.1
149 verbose optional SKIPPING OPTIONAL DEPENDENCY:
149 verbose optional If you need help, you may report this error at:
149 verbose optional SKIPPING OPTIONAL DEPENDENCY:     <https://github.com/npm/npm/issues>
150 warn optional SKIPPING OPTIONAL DEPENDENCY: wrap-ansi-cjs@npm:wrap-ansi@^7.0.0 (node_modules/@isaacs/cliui/node_modules/wrap-ansi-cjs):
151 warn optional SKIPPING OPTIONAL DEPENDENCY: Unsupported URL Type: npm:wrap-ansi@^7.0.0
152 verbose optional SKIPPING OPTIONAL DEPENDENCY:
152 verbose optional If you need help, you may report this error at:
152 verbose optional SKIPPING OPTIONAL DEPENDENCY:     <https://github.com/npm/npm/issues>
153 verbose stack Error: Unsupported URL Type: npm:string-width@^4.2.0
153 verbose stack     at parseUrl (/home/rafael/.nvm/versions/node/v6.17.1/lib/node_modules/npm/node_modules/npm-package-arg/npa.js:186:13)
153 verbose stack     at npa (/home/rafael/.nvm/versions/node/v6.17.1/lib/node_modules/npm/node_modules/npm-package-arg/npa.js:79:12)
153 verbose stack     at module.exports (/home/rafael/.nvm/versions/node/v6.17.1/lib/node_modules/npm/node_modules/realize-package-specifier/index.js:12:15)
153 verbose stack     at childDependencySpecifier (/home/rafael/.nvm/versions/node/v6.17.1/lib/node_modules/npm/lib/install/deps.js:104:3)
153 verbose stack     at addDependency (/home/rafael/.nvm/versions/node/v6.17.1/lib/node_modules/npm/lib/install/deps.js:442:3)
153 verbose stack     at /home/rafael/.nvm/versions/node/v6.17.1/lib/node_modules/npm/lib/install/deps.js:401:5
153 verbose stack     at /home/rafael/.nvm/versions/node/v6.17.1/lib/node_modules/npm/node_modules/slide/lib/async-map.js:52:35
153 verbose stack     at Array.forEach (native)
153 verbose stack     at /home/rafael/.nvm/versions/node/v6.17.1/lib/node_modules/npm/node_modules/slide/lib/async-map.js:52:11
153 verbose stack     at Array.forEach (native)
154 verbose cwd /home/rafael/prog/servidor_express
155 error Linux 5.15.0-91-generic
156 error argv "/home/rafael/.nvm/versions/node/v6.17.1/bin/node" "/home/rafael/.nvm/versions/node/v6.17.1/bin/npm" "i"
157 error node v6.17.1
158 error npm  v3.10.10
159 error Unsupported URL Type: npm:string-width@^4.2.0
160 error If you need help, you may report this error at:
160 error     <https://github.com/npm/npm/issues>
161 verbose exit [ 1, true ]
